<?xml version="1.0" encoding="UTF-8"?>
<!-- Generated by org.testng.reporters.JUnitReportReporter -->
<testsuite hostname="LKSRIWL-GNF19H2" name="com.backbase.ui.automation.AddNewComputers" tests="1" failures="0" timestamp="6 Sep 2018 16:28:12 GMT" time="19.339" errors="0">
  <testcase name="verifyThatTheSystemValidateInvalidDateFormat" time="19.339" classname="com.backbase.ui.automation.AddNewComputers"/>
</testsuite> <!-- com.backbase.ui.automation.AddNewComputers -->
