<?xml version="1.0" encoding="UTF-8"?>
<!-- Generated by org.testng.reporters.JUnitReportReporter -->
<testsuite hostname="LKSRIWL-GNF19H2" name="com.backbase.ui.automation.EditComputer" tests="1" failures="0" timestamp="6 Sep 2018 17:08:56 GMT" time="20.818" errors="0">
  <testcase name="verifyComputerNameAfterChange" time="20.818" classname="com.backbase.ui.automation.EditComputer"/>
</testsuite> <!-- com.backbase.ui.automation.EditComputer -->
