<?xml version="1.0" encoding="UTF-8"?>
<!-- Generated by org.testng.reporters.JUnitReportReporter -->
<testsuite hostname="LKSRIWL-GNF19H2" name="com.backbase.ui.automation.HomePageValidations" tests="1" failures="0" timestamp="6 Sep 2018 05:55:13 GMT" time="19.646" errors="0">
  <testcase name="verifyAvailableComputerName" time="19.646" classname="com.backbase.ui.automation.HomePageValidations"/>
</testsuite> <!-- com.backbase.ui.automation.HomePageValidations -->
